[debug] [2023-11-20T15:55:33.548Z] ----------------------------------------------------------------------
[debug] [2023-11-20T15:55:33.554Z] Command:       C:\Program Files\nodejs\node.exe C:\Users\anuab\AppData\Roaming\npm\node_modules\firebase-tools\lib\bin\firebase.js init
[debug] [2023-11-20T15:55:33.554Z] CLI Version:   12.9.1
[debug] [2023-11-20T15:55:33.555Z] Platform:      win32
[debug] [2023-11-20T15:55:33.555Z] Node Version:  v20.5.0
[debug] [2023-11-20T15:55:33.555Z] Time:          Mon Nov 20 2023 18:55:33 GMT+0300 (Arabian Standard Time)
[debug] [2023-11-20T15:55:33.556Z] ----------------------------------------------------------------------
[debug] 
[debug] [2023-11-20T15:55:33.560Z] >>> [apiv2][query] GET https://firebase-public.firebaseio.com/cli.json [none]
[debug] [2023-11-20T15:55:33.639Z] > command requires scopes: ["email","openid","https://www.googleapis.com/auth/cloudplatformprojects.readonly","https://www.googleapis.com/auth/firebase","https://www.googleapis.com/auth/cloud-platform"]
[debug] [2023-11-20T15:55:33.640Z] > authorizing via signed-in user (anuabdulkadar@gmail.com)
[info] 
     ######## #### ########  ######## ########     ###     ######  ########
     ##        ##  ##     ## ##       ##     ##  ##   ##  ##       ##
     ######    ##  ########  ######   ########  #########  ######  ######
     ##        ##  ##    ##  ##       ##     ## ##     ##       ## ##
     ##       #### ##     ## ######## ########  ##     ##  ######  ########

You're about to initialize a Firebase project in this directory:

  C:\Users\anuab\Desktop\article-sphere

[debug] [2023-11-20T15:55:34.269Z] <<< [apiv2][status] GET https://firebase-public.firebaseio.com/cli.json 200
[debug] [2023-11-20T15:55:34.270Z] <<< [apiv2][body] GET https://firebase-public.firebaseio.com/cli.json {"cloudBuildErrorAfter":1594252800000,"cloudBuildWarnAfter":1590019200000,"defaultNode10After":1594252800000,"minVersion":"3.0.5","node8DeploysDisabledAfter":1613390400000,"node8RuntimeDisabledAfter":1615809600000,"node8WarnAfter":1600128000000}
[info] 
=== Project Setup
[info] 
[info] First, let's associate this project directory with a Firebase project.
[info] You can create multiple project aliases by running firebase use --add, 
[info] but for now we'll just set up a default project.
[info] 
[debug] [2023-11-20T15:56:21.614Z] > refreshing access token with scopes: []
[debug] [2023-11-20T15:56:21.615Z] >>> [apiv2][query] POST https://www.googleapis.com/oauth2/v3/token [none]
[debug] [2023-11-20T15:56:21.615Z] >>> [apiv2][body] POST https://www.googleapis.com/oauth2/v3/token [omitted]
[debug] [2023-11-20T15:56:22.196Z] <<< [apiv2][status] POST https://www.googleapis.com/oauth2/v3/token 200
[debug] [2023-11-20T15:56:22.196Z] <<< [apiv2][body] POST https://www.googleapis.com/oauth2/v3/token [omitted]
[debug] [2023-11-20T15:56:22.208Z] >>> [apiv2][query] GET https://firebase.googleapis.com/v1beta1/projects pageSize=100
[debug] [2023-11-20T15:56:23.198Z] <<< [apiv2][status] GET https://firebase.googleapis.com/v1beta1/projects 200
[debug] [2023-11-20T15:56:23.198Z] <<< [apiv2][body] GET https://firebase.googleapis.com/v1beta1/projects [omitted]
[info] i  Using project article-sphere (Article Sphere) 
[info] 
=== Hosting Setup
[debug] [2023-11-20T15:56:27.135Z] >>> [apiv2][query] GET https://firebase.googleapis.com/v1beta1/projects/article-sphere [none]
[debug] [2023-11-20T15:56:27.486Z] <<< [apiv2][status] GET https://firebase.googleapis.com/v1beta1/projects/article-sphere 200
[debug] [2023-11-20T15:56:27.486Z] <<< [apiv2][body] GET https://firebase.googleapis.com/v1beta1/projects/article-sphere {"projectId":"article-sphere","projectNumber":"746474381036","displayName":"Article Sphere","name":"projects/article-sphere","resources":{"hostingSite":"article-sphere"},"state":"ACTIVE","etag":"1_3784a00b-8f7b-4411-91cd-16ba796b0580"}
[info] 
[info] Your public directory is the folder (relative to your project directory) that
[info] will contain Hosting assets to be uploaded with firebase deploy. If you
[info] have a build process for your assets, use your build's output directory.
[info] 
[debug] [2023-11-20T15:57:29.523Z] ----------------------------------------------------------------------
[debug] [2023-11-20T15:57:29.527Z] Command:       C:\Program Files\nodejs\node.exe C:\Users\anuab\AppData\Roaming\npm\node_modules\firebase-tools\lib\bin\firebase.js init
[debug] [2023-11-20T15:57:29.527Z] CLI Version:   12.9.1
[debug] [2023-11-20T15:57:29.527Z] Platform:      win32
[debug] [2023-11-20T15:57:29.528Z] Node Version:  v20.5.0
[debug] [2023-11-20T15:57:29.528Z] Time:          Mon Nov 20 2023 18:57:29 GMT+0300 (Arabian Standard Time)
[debug] [2023-11-20T15:57:29.528Z] ----------------------------------------------------------------------
[debug] 
[debug] [2023-11-20T15:57:29.537Z] > command requires scopes: ["email","openid","https://www.googleapis.com/auth/cloudplatformprojects.readonly","https://www.googleapis.com/auth/firebase","https://www.googleapis.com/auth/cloud-platform"]
[debug] [2023-11-20T15:57:29.537Z] > authorizing via signed-in user (anuabdulkadar@gmail.com)
[info] 
     ######## #### ########  ######## ########     ###     ######  ########
     ##        ##  ##     ## ##       ##     ##  ##   ##  ##       ##
     ######    ##  ########  ######   ########  #########  ######  ######
     ##        ##  ##    ##  ##       ##     ## ##     ##       ## ##
     ##       #### ##     ## ######## ########  ##     ##  ######  ########

You're about to initialize a Firebase project in this directory:

  C:\Users\anuab\Desktop\article-sphere

[info] 
=== Project Setup
[info] 
[info] First, let's associate this project directory with a Firebase project.
[info] You can create multiple project aliases by running firebase use --add, 
[info] but for now we'll just set up a default project.
[info] 
[debug] [2023-11-20T15:57:35.319Z] >>> [apiv2][query] GET https://firebase.googleapis.com/v1beta1/projects pageSize=100
[debug] [2023-11-20T15:57:36.326Z] <<< [apiv2][status] GET https://firebase.googleapis.com/v1beta1/projects 200
[debug] [2023-11-20T15:57:36.327Z] <<< [apiv2][body] GET https://firebase.googleapis.com/v1beta1/projects [omitted]
[info] i  Using project article-sphere (Article Sphere) 
[info] 
=== Hosting Setup
[debug] [2023-11-20T15:57:37.504Z] >>> [apiv2][query] GET https://firebase.googleapis.com/v1beta1/projects/article-sphere [none]
[debug] [2023-11-20T15:57:37.835Z] <<< [apiv2][status] GET https://firebase.googleapis.com/v1beta1/projects/article-sphere 200
[debug] [2023-11-20T15:57:37.835Z] <<< [apiv2][body] GET https://firebase.googleapis.com/v1beta1/projects/article-sphere {"projectId":"article-sphere","projectNumber":"746474381036","displayName":"Article Sphere","name":"projects/article-sphere","resources":{"hostingSite":"article-sphere"},"state":"ACTIVE","etag":"1_3784a00b-8f7b-4411-91cd-16ba796b0580"}
[info] 
[info] Your public directory is the folder (relative to your project directory) that
[info] will contain Hosting assets to be uploaded with firebase deploy. If you
[info] have a build process for your assets, use your build's output directory.
[info] 
[info] +  Wrote build/404.html 
[debug] [2023-11-20T15:58:35.865Z] >>> [apiv2][query] GET https://www.gstatic.com/firebasejs/releases.json [none]
[debug] [2023-11-20T15:58:36.186Z] <<< [apiv2][status] GET https://www.gstatic.com/firebasejs/releases.json 200
[debug] [2023-11-20T15:58:36.187Z] <<< [apiv2][body] GET https://www.gstatic.com/firebasejs/releases.json {"current":{"version":"10.6.0","browserURL":"https://www.gstatic.com/firebasejs/10.6.0/firebase.js","packageURL":"https://www.gstatic.com/firebasejs/10.6.0/firebase.tgz"},"live":{"version":"10.6","browserURL":"https://www.gstatic.com/firebasejs/live/10.6/firebase.js","packageURL":"https://www.gstatic.com/firebasejs/live/10.6/firebase.tgz"},"components":{"analytics":"https://www.gstatic.com/firebasejs/10.6.0/firebase-analytics.js","app":"https://www.gstatic.com/firebasejs/10.6.0/firebase-app.js","app-check":"https://www.gstatic.com/firebasejs/10.6.0/firebase-app-check.js","auth":"https://www.gstatic.com/firebasejs/10.6.0/firebase-auth.js","auth/cordova":"https://www.gstatic.com/firebasejs/10.6.0/firebase-auth/cordova.js","functions":"https://www.gstatic.com/firebasejs/10.6.0/firebase-functions.js","firestore":"https://www.gstatic.com/firebasejs/10.6.0/firebase-firestore.js","firestore/lite":"https://www.gstatic.com/firebasejs/10.6.0/firebase-firestore/lite.js","installations":"https://www.gstatic.com/firebasejs/10.6.0/firebase-installations.js","storage":"https://www.gstatic.com/firebasejs/10.6.0/firebase-storage.js","performance":"https://www.gstatic.com/firebasejs/10.6.0/firebase-performance.js","remote-config":"https://www.gstatic.com/firebasejs/10.6.0/firebase-remote-config.js","messaging":"https://www.gstatic.com/firebasejs/10.6.0/firebase-messaging.js","messaging/sw":"https://www.gstatic.com/firebasejs/10.6.0/firebase-messaging/sw.js","database":"https://www.gstatic.com/firebasejs/10.6.0/firebase-database.js","firestore.memory":"https://www.gstatic.com/firebasejs/10.6.0/firebase-firestore.memory.js"}}
[info] i  Skipping write of build/index.html 
[info] 
[info] i  Detected a .git folder at C:\Users\anuab\Desktop\article-sphere 
[info] i  Authorizing with GitHub to upload your service account to a GitHub repository's secrets store. 
[info] 
[info] Visit this URL on this device to log in:
[info] https://github.com/login/oauth/authorize?client_id=89cf50f02ac6aaed3484&state=613056725&redirect_uri=http%3A%2F%2Flocalhost%3A9005&scope=read%3Auser%20repo%20public_repo
[info] 
[info] Waiting for authentication...
[debug] [2023-11-20T15:58:48.976Z] >>> [apiv2][query] POST https://github.com/login/oauth/access_token [none]
[debug] [2023-11-20T15:58:48.976Z] >>> [apiv2][body] POST https://github.com/login/oauth/access_token [stream]
[debug] [2023-11-20T15:58:49.502Z] <<< [apiv2][status] POST https://github.com/login/oauth/access_token 200
[debug] [2023-11-20T15:58:49.502Z] <<< [apiv2][body] POST https://github.com/login/oauth/access_token {"access_token":"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","token_type":"bearer","scope":"read:user,repo"}
[debug] [2023-11-20T15:58:49.518Z] >>> [apiv2][query] GET https://api.github.com/user [none]
[debug] [2023-11-20T15:58:50.103Z] <<< [apiv2][status] GET https://api.github.com/user 200
[debug] [2023-11-20T15:58:50.103Z] <<< [apiv2][body] GET https://api.github.com/user {"login":"ANU1o","id":78339400,"node_id":"MDQ6VXNlcjc4MzM5NDAw","avatar_url":"https://avatars.githubusercontent.com/u/78339400?v=4","gravatar_id":"","url":"https://api.github.com/users/ANU1o","html_url":"https://github.com/ANU1o","followers_url":"https://api.github.com/users/ANU1o/followers","following_url":"https://api.github.com/users/ANU1o/following{/other_user}","gists_url":"https://api.github.com/users/ANU1o/gists{/gist_id}","starred_url":"https://api.github.com/users/ANU1o/starred{/owner}{/repo}","subscriptions_url":"https://api.github.com/users/ANU1o/subscriptions","organizations_url":"https://api.github.com/users/ANU1o/orgs","repos_url":"https://api.github.com/users/ANU1o/repos","events_url":"https://api.github.com/users/ANU1o/events{/privacy}","received_events_url":"https://api.github.com/users/ANU1o/received_events","type":"User","site_admin":false,"name":"ANU1o","company":null,"blog":"","location":"Kuwait","email":null,"hireable":null,"bio":"alias: \r\nAnoof Abdul Kadar (actual name) |\r\nanooftuna |\r\nANU1o","twitter_username":"anu_1o","public_repos":19,"public_gists":0,"followers":2,"following":6,"created_at":"2021-02-01T06:07:59Z","updated_at":"2023-10-19T19:50:05Z","private_gists":0,"total_private_repos":2,"owned_private_repos":2,"disk_usage":63860,"collaborators":0,"two_factor_authentication":false,"plan":{"name":"free","space":976562499,"collaborators":0,"private_repos":10000}}
[info] 
[info] +  Success! Logged into GitHub as ANU1o 
[info] 
